 
****************************************
Report : area
Design : kogge_stone_adder_32_bit
Version: L-2016.03-SP2
Date   : Thu Dec  7 00:30:07 2017
****************************************

Information: Updating design information... (UID-85)
Library(s) Used:

    saed32rvt_tt1p05v25c (File: /usr/local/synopsys/SAED32_EDK/lib/stdcell_rvt/db_ccs/saed32rvt_tt1p05v25c.db)

Number of ports:                         1132
Number of nets:                          1421
Number of cells:                          456
Number of combinational cells:            324
Number of sequential cells:                 0
Number of macros/black boxes:               0
Number of buf/inv:                          0
Number of references:                       3

Combinational area:                871.205642
Buf/Inv area:                        0.000000
Noncombinational area:               0.000000
Macro/Black Box area:                0.000000
Net Interconnect area:             133.009929

Total cell area:                   871.205642
Total area:                       1004.215571
1
