 
****************************************
Report : area
Design : shift_mult
Version: L-2016.03-SP2
Date   : Wed Dec  6 23:03:00 2017
****************************************

Information: Updating design information... (UID-85)
Library(s) Used:

    saed32rvt_tt1p05v25c (File: /usr/local/synopsys/SAED32_EDK/lib/stdcell_rvt/db_ccs/saed32rvt_tt1p05v25c.db)

Number of ports:                          562
Number of nets:                          1353
Number of cells:                          952
Number of combinational cells:            747
Number of sequential cells:               200
Number of macros/black boxes:               0
Number of buf/inv:                        152
Number of references:                      19

Combinational area:               1683.958146
Buf/Inv area:                      234.829057
Noncombinational area:             901.702940
Macro/Black Box area:                0.000000
Net Interconnect area:             475.325856

Total cell area:                  2585.661086
Total area:                       3060.986942
1
