Information: Propagating switching activity (medium effort zero delay simulation). (PWR-6)
Warning: Design has unannotated primary inputs. (PWR-414)
 
****************************************
Report : power
        -analysis_effort medium
Design : divider
Version: L-2016.03-SP2
Date   : Thu Dec  7 04:25:06 2017
****************************************


Library(s) Used:

    saed32rvt_tt1p05v25c (File: /usr/local/synopsys/SAED32_EDK/lib/stdcell_rvt/db_ccs/saed32rvt_tt1p05v25c.db)


Operating Conditions: tt1p05v25c   Library: saed32rvt_tt1p05v25c
Wire Load Model Mode: enclosed

Design        Wire Load Model            Library
------------------------------------------------
divider                70000             saed32rvt_tt1p05v25c
divider_DW01_sub_0     8000              saed32rvt_tt1p05v25c
divider_DW02_mult_0    ForQA             saed32rvt_tt1p05v25c
divider_DW02_mult_1    ForQA             saed32rvt_tt1p05v25c
divider_DW02_mult_2    ForQA             saed32rvt_tt1p05v25c
divider_DW02_mult_3    ForQA             saed32rvt_tt1p05v25c
divider_DW02_mult_4    ForQA             saed32rvt_tt1p05v25c
divider_DW02_mult_5    ForQA             saed32rvt_tt1p05v25c
divider_DW02_mult_6    ForQA             saed32rvt_tt1p05v25c
divider_DW02_mult_7    ForQA             saed32rvt_tt1p05v25c
divider_DW02_mult_8    ForQA             saed32rvt_tt1p05v25c
divider_DW02_mult_9    ForQA             saed32rvt_tt1p05v25c
divider_DW02_mult_10   ForQA             saed32rvt_tt1p05v25c
divider_DW02_mult_11   ForQA             saed32rvt_tt1p05v25c
divider_DW02_mult_12   ForQA             saed32rvt_tt1p05v25c
divider_DW02_mult_13   ForQA             saed32rvt_tt1p05v25c
divider_DW02_mult_14   ForQA             saed32rvt_tt1p05v25c
divider_DW02_mult_15   ForQA             saed32rvt_tt1p05v25c
divider_DW02_mult_16   ForQA             saed32rvt_tt1p05v25c
divider_DW02_mult_17   ForQA             saed32rvt_tt1p05v25c
divider_DW02_mult_18   ForQA             saed32rvt_tt1p05v25c
divider_DW02_mult_19   ForQA             saed32rvt_tt1p05v25c
divider_DW02_mult_20   ForQA             saed32rvt_tt1p05v25c
divider_DW02_mult_21   ForQA             saed32rvt_tt1p05v25c
divider_DW02_mult_22   ForQA             saed32rvt_tt1p05v25c
divider_DW02_mult_23   ForQA             saed32rvt_tt1p05v25c
divider_DW02_mult_24   ForQA             saed32rvt_tt1p05v25c
divider_DW02_mult_25   ForQA             saed32rvt_tt1p05v25c
divider_DW02_mult_26   ForQA             saed32rvt_tt1p05v25c
divider_DW02_mult_27   ForQA             saed32rvt_tt1p05v25c
divider_DW02_mult_28   ForQA             saed32rvt_tt1p05v25c
divider_DW02_mult_29   ForQA             saed32rvt_tt1p05v25c
divider_DW02_mult_30   ForQA             saed32rvt_tt1p05v25c
divider_DW02_mult_31   ForQA             saed32rvt_tt1p05v25c
divider_DW01_add_33    8000              saed32rvt_tt1p05v25c
divider_DW01_add_123   8000              saed32rvt_tt1p05v25c
divider_DW01_add_125   8000              saed32rvt_tt1p05v25c
divider_DW01_sub_170   8000              saed32rvt_tt1p05v25c
divider_DW01_add_139   8000              saed32rvt_tt1p05v25c
divider_DW01_sub_181   8000              saed32rvt_tt1p05v25c
divider_DW01_add_143   8000              saed32rvt_tt1p05v25c
divider_DW01_sub_188   8000              saed32rvt_tt1p05v25c
divider_DW01_add_160   8000              saed32rvt_tt1p05v25c
divider_DW01_add_168   8000              saed32rvt_tt1p05v25c
divider_DW01_sub_214   8000              saed32rvt_tt1p05v25c
divider_DW01_add_175   8000              saed32rvt_tt1p05v25c
divider_DW01_sub_221   8000              saed32rvt_tt1p05v25c
divider_DW01_sub_222   8000              saed32rvt_tt1p05v25c
divider_DW01_add_181   8000              saed32rvt_tt1p05v25c
divider_DW01_add_190   8000              saed32rvt_tt1p05v25c
divider_DW01_sub_234   8000              saed32rvt_tt1p05v25c
divider_DW01_add_194   8000              saed32rvt_tt1p05v25c
divider_DW01_sub_237   8000              saed32rvt_tt1p05v25c
divider_DW01_add_205   8000              saed32rvt_tt1p05v25c
divider_DW01_sub_259   8000              saed32rvt_tt1p05v25c
divider_DW01_add_227   8000              saed32rvt_tt1p05v25c
divider_DW01_add_235   8000              saed32rvt_tt1p05v25c
divider_DW01_add_239   8000              saed32rvt_tt1p05v25c
divider_DW01_sub_295   8000              saed32rvt_tt1p05v25c
divider_DW01_add_249   8000              saed32rvt_tt1p05v25c
divider_DW01_sub_321   8000              saed32rvt_tt1p05v25c
divider_DW01_sub_324   8000              saed32rvt_tt1p05v25c
divider_DW01_add_264   8000              saed32rvt_tt1p05v25c
divider_DW01_sub_340   8000              saed32rvt_tt1p05v25c
divider_DW01_sub_342   8000              saed32rvt_tt1p05v25c
divider_DW01_add_281   8000              saed32rvt_tt1p05v25c
divider_DW01_sub_354   8000              saed32rvt_tt1p05v25c
divider_DW01_sub_355   8000              saed32rvt_tt1p05v25c
divider_DW01_add_295   8000              saed32rvt_tt1p05v25c
divider_DW01_sub_356   8000              saed32rvt_tt1p05v25c
divider_DW01_sub_357   8000              saed32rvt_tt1p05v25c
divider_DW01_add_298   8000              saed32rvt_tt1p05v25c
divider_DW01_add_303   8000              saed32rvt_tt1p05v25c
divider_DW01_add_304   8000              saed32rvt_tt1p05v25c
divider_DW01_add_307   8000              saed32rvt_tt1p05v25c
divider_DW01_sub_371   8000              saed32rvt_tt1p05v25c
divider_DW01_add_310   8000              saed32rvt_tt1p05v25c
divider_DW01_sub_372   8000              saed32rvt_tt1p05v25c
divider_DW01_add_314   8000              saed32rvt_tt1p05v25c
divider_DW01_sub_381   8000              saed32rvt_tt1p05v25c
divider_DW01_add_320   8000              saed32rvt_tt1p05v25c
divider_DW01_add_328   8000              saed32rvt_tt1p05v25c
divider_DW01_sub_388   8000              saed32rvt_tt1p05v25c
divider_DW01_sub_391   8000              saed32rvt_tt1p05v25c
divider_DW01_sub_392   8000              saed32rvt_tt1p05v25c
divider_DW01_add_336   8000              saed32rvt_tt1p05v25c
divider_DW01_sub_397   8000              saed32rvt_tt1p05v25c
divider_DW01_sub_399   8000              saed32rvt_tt1p05v25c
divider_DW01_add_339   8000              saed32rvt_tt1p05v25c
divider_DW01_sub_410   8000              saed32rvt_tt1p05v25c
divider_DW01_sub_411   8000              saed32rvt_tt1p05v25c
divider_DW01_add_356   8000              saed32rvt_tt1p05v25c
divider_DW01_add_360   8000              saed32rvt_tt1p05v25c
divider_DW01_sub_427   8000              saed32rvt_tt1p05v25c
divider_DW01_sub_431   8000              saed32rvt_tt1p05v25c
divider_DW01_sub_432   8000              saed32rvt_tt1p05v25c
divider_DW01_add_379   8000              saed32rvt_tt1p05v25c


Global Operating Voltage = 1.05 
Power-specific unit information :
    Voltage Units = 1V
    Capacitance Units = 1.000000ff
    Time Units = 1ns
    Dynamic Power Units = 1uW    (derived from V,C,T units)
    Leakage Power Units = 1pW


  Cell Internal Power  =   0.0000 uW    (0%)
  Net Switching Power  =   3.7495 mW  (100%)
                         ---------
Total Dynamic Power    =   3.7495 mW  (100%)

Cell Leakage Power     =   1.7039 mW


                 Internal         Switching           Leakage            Total
Power Group      Power            Power               Power              Power   (   %    )  Attrs
--------------------------------------------------------------------------------------------------
io_pad             0.0000            0.0000            0.0000            0.0000  (   0.00%)
memory             0.0000            0.0000            0.0000            0.0000  (   0.00%)
black_box          0.0000            0.0000            0.0000            0.0000  (   0.00%)
clock_network      0.0000          116.4768        3.7496e+07          153.9727  (   2.82%)
register           0.0000            0.0000            0.0000            0.0000  (   0.00%)
sequential         0.0000            0.0000            0.0000            0.0000  (   0.00%)
combinational      0.0000        3.6330e+03        1.6664e+09        5.2993e+03  (  97.18%)
--------------------------------------------------------------------------------------------------
Total              0.0000 uW     3.7495e+03 uW     1.7039e+09 pW     5.4533e+03 uW
1
